<?xml version="1.0" encoding="UTF-8"?>
<!-- Generated by org.testng.reporters.JUnitReportReporter -->
<testsuite hostname="LAPTOP-BO3N5QVQ" failures="0" tests="1" name="testCases.TC001_AccountRegistrationTest" time="2.940" errors="0" timestamp="2025-09-25T17:32:00 IST" skipped="0">
  <testcase classname="testCases.TC001_AccountRegistrationTest" name="verify_Account_Registration" time="2.940"/>
</testsuite> <!-- testCases.TC001_AccountRegistrationTest -->
