<?xml version="1.0" encoding="UTF-8"?>
<!-- Generated by org.testng.reporters.JUnitReportReporter -->
<testsuite hostname="LAPTOP-BO3N5QVQ" failures="0" tests="1" name="testCases.TC002_LoginTest" time="2.280" errors="0" timestamp="2025-09-25T17:32:00 IST" skipped="0">
  <testcase classname="testCases.TC002_LoginTest" name="verify_login" time="2.280"/>
</testsuite> <!-- testCases.TC002_LoginTest -->
